<?xml version="1.0" encoding="UTF-8"?>
<!-- Generated by org.testng.reporters.JUnitXMLReporter -->
<testsuite ignored="0" hostname="Sarvesh" failures="0" tests="6" name="Chrome Test" time="195.264" errors="0" timestamp="24 Jun 2023 23:12:50 GMT">
  <testcase classname="org.example.RegisterUser" name="test1" time="25.794"/>
  <testcase classname="org.example.LoginValid" name="test1" time="13.085"/>
  <testcase classname="org.example.LoginInvalid" name="test1" time="7.505"/>
  <testcase classname="org.example.AddToCart" name="test1" time="21.058"/>
  <testcase classname="org.example.Search" name="test1" time="53.61"/>
  <testcase classname="org.example.Review" name="test1" time="12.705"/>
</testsuite> <!-- Chrome Test -->
