<?xml version="1.0" encoding="UTF-8"?>
<!-- Generated by org.testng.reporters.JUnitXMLReporter -->
<testsuite ignored="0" hostname="Sarvesh" failures="0" tests="6" name="Microsoft Edge Test" time="201.672" errors="0" timestamp="24 Jun 2023 23:12:57 GMT">
  <testcase classname="org.example.RegisterUser" name="test1" time="40.57"/>
  <testcase classname="org.example.LoginValid" name="test1" time="16.963"/>
  <testcase classname="org.example.LoginInvalid" name="test1" time="6.448"/>
  <testcase classname="org.example.AddToCart" name="test1" time="20.227"/>
  <testcase classname="org.example.Search" name="test1" time="51.777"/>
  <testcase classname="org.example.Review" name="test1" time="8.642"/>
</testsuite> <!-- Microsoft Edge Test -->
