<?xml version="1.0" encoding="UTF-8"?>
<testng-results ignored="0" total="12" passed="12" failed="0" skipped="0">
  <reporter-output>
  </reporter-output>
  <suite started-at="2023-06-24T23:09:35Z" name="Suite" finished-at="2023-06-24T23:12:57Z" duration-ms="201672">
    <groups>
    </groups>
    <test started-at="2023-06-24T23:09:35Z" name="Chrome Test" finished-at="2023-06-24T23:12:50Z" duration-ms="195264">
      <class name="org.example.LoginValid">
        <test-method is-config="true" signature="initializeSetup(java.lang.String)[pri:0, instance:org.example.LoginValid@147e2ae7]" started-at="2023-06-24T23:10:10Z" name="initializeSetup" finished-at="2023-06-24T23:10:18Z" duration-ms="8028" status="PASS">
          <params>
            <param index="0">
              <value>
                <![CDATA[5555]]>
              </value>
            </param>
          </params>
          <reporter-output>
          </reporter-output>
        </test-method> <!-- initializeSetup -->
        <test-method signature="test1()[pri:0, instance:org.example.LoginValid@147e2ae7]" started-at="2023-06-24T23:10:18Z" name="test1" finished-at="2023-06-24T23:10:31Z" duration-ms="13085" status="PASS">
          <reporter-output>
          </reporter-output>
        </test-method> <!-- test1 -->
      </class> <!-- org.example.LoginValid -->
      <class name="org.example.RegisterUser">
        <test-method is-config="true" signature="initializeSetup(java.lang.String)[pri:0, instance:org.example.RegisterUser@78452606]" started-at="2023-06-24T23:09:35Z" name="initializeSetup" finished-at="2023-06-24T23:09:44Z" duration-ms="9334" status="PASS">
          <params>
            <param index="0">
              <value>
                <![CDATA[5555]]>
              </value>
            </param>
          </params>
          <reporter-output>
          </reporter-output>
        </test-method> <!-- initializeSetup -->
        <test-method signature="test1()[pri:0, instance:org.example.RegisterUser@78452606]" started-at="2023-06-24T23:09:44Z" name="test1" finished-at="2023-06-24T23:10:10Z" duration-ms="25794" status="PASS">
          <reporter-output>
          </reporter-output>
        </test-method> <!-- test1 -->
      </class> <!-- org.example.RegisterUser -->
      <class name="org.example.Search">
        <test-method is-config="true" signature="initializeSetup(java.lang.String)[pri:0, instance:org.example.Search@15d49048]" started-at="2023-06-24T23:11:21Z" name="initializeSetup" finished-at="2023-06-24T23:11:34Z" duration-ms="13555" status="PASS">
          <params>
            <param index="0">
              <value>
                <![CDATA[5555]]>
              </value>
            </param>
          </params>
          <reporter-output>
          </reporter-output>
        </test-method> <!-- initializeSetup -->
        <test-method signature="test1()[pri:0, instance:org.example.Search@15d49048]" started-at="2023-06-24T23:11:34Z" name="test1" finished-at="2023-06-24T23:12:28Z" duration-ms="53610" status="PASS">
          <reporter-output>
          </reporter-output>
        </test-method> <!-- test1 -->
      </class> <!-- org.example.Search -->
      <class name="org.example.AddToCart">
        <test-method is-config="true" signature="initializeSetup(java.lang.String)[pri:0, instance:org.example.AddToCart@4470fbd6]" started-at="2023-06-24T23:10:46Z" name="initializeSetup" finished-at="2023-06-24T23:11:00Z" duration-ms="14128" status="PASS">
          <params>
            <param index="0">
              <value>
                <![CDATA[5555]]>
              </value>
            </param>
          </params>
          <reporter-output>
          </reporter-output>
        </test-method> <!-- initializeSetup -->
        <test-method signature="test1()[pri:0, instance:org.example.AddToCart@4470fbd6]" started-at="2023-06-24T23:11:00Z" name="test1" finished-at="2023-06-24T23:11:21Z" duration-ms="21058" status="PASS">
          <reporter-output>
          </reporter-output>
        </test-method> <!-- test1 -->
      </class> <!-- org.example.AddToCart -->
      <class name="org.example.LoginInvalid">
        <test-method is-config="true" signature="initializeSetup(java.lang.String)[pri:0, instance:org.example.LoginInvalid@448c8166]" started-at="2023-06-24T23:10:31Z" name="initializeSetup" finished-at="2023-06-24T23:10:38Z" duration-ms="6873" status="PASS">
          <params>
            <param index="0">
              <value>
                <![CDATA[5555]]>
              </value>
            </param>
          </params>
          <reporter-output>
          </reporter-output>
        </test-method> <!-- initializeSetup -->
        <test-method signature="test1()[pri:0, instance:org.example.LoginInvalid@448c8166]" started-at="2023-06-24T23:10:38Z" name="test1" finished-at="2023-06-24T23:10:46Z" duration-ms="7505" status="PASS">
          <reporter-output>
          </reporter-output>
        </test-method> <!-- test1 -->
      </class> <!-- org.example.LoginInvalid -->
      <class name="org.example.Review">
        <test-method is-config="true" signature="initializeSetup(java.lang.String)[pri:0, instance:org.example.Review@7098b907]" started-at="2023-06-24T23:12:28Z" name="initializeSetup" finished-at="2023-06-24T23:12:37Z" duration-ms="9550" status="PASS">
          <params>
            <param index="0">
              <value>
                <![CDATA[5555]]>
              </value>
            </param>
          </params>
          <reporter-output>
          </reporter-output>
        </test-method> <!-- initializeSetup -->
        <test-method signature="test1()[pri:0, instance:org.example.Review@7098b907]" started-at="2023-06-24T23:12:37Z" name="test1" finished-at="2023-06-24T23:12:50Z" duration-ms="12705" status="PASS">
          <reporter-output>
          </reporter-output>
        </test-method> <!-- test1 -->
      </class> <!-- org.example.Review -->
    </test> <!-- Chrome Test -->
    <test started-at="2023-06-24T23:09:35Z" name="Microsoft Edge Test" finished-at="2023-06-24T23:12:57Z" duration-ms="201672">
      <class name="org.example.LoginValid">
        <test-method is-config="true" signature="initializeSetup(java.lang.String)[pri:0, instance:org.example.LoginValid@74287ea3]" started-at="2023-06-24T23:10:22Z" name="initializeSetup" finished-at="2023-06-24T23:10:32Z" duration-ms="9900" status="PASS">
          <params>
            <param index="0">
              <value>
                <![CDATA[6666]]>
              </value>
            </param>
          </params>
          <reporter-output>
          </reporter-output>
        </test-method> <!-- initializeSetup -->
        <test-method signature="test1()[pri:0, instance:org.example.LoginValid@74287ea3]" started-at="2023-06-24T23:10:32Z" name="test1" finished-at="2023-06-24T23:10:49Z" duration-ms="16963" status="PASS">
          <reporter-output>
          </reporter-output>
        </test-method> <!-- test1 -->
      </class> <!-- org.example.LoginValid -->
      <class name="org.example.RegisterUser">
        <test-method is-config="true" signature="initializeSetup(java.lang.String)[pri:0, instance:org.example.RegisterUser@4a07d605]" started-at="2023-06-24T23:09:35Z" name="initializeSetup" finished-at="2023-06-24T23:09:41Z" duration-ms="6206" status="PASS">
          <params>
            <param index="0">
              <value>
                <![CDATA[6666]]>
              </value>
            </param>
          </params>
          <reporter-output>
          </reporter-output>
        </test-method> <!-- initializeSetup -->
        <test-method signature="test1()[pri:0, instance:org.example.RegisterUser@4a07d605]" started-at="2023-06-24T23:09:41Z" name="test1" finished-at="2023-06-24T23:10:22Z" duration-ms="40570" status="PASS">
          <reporter-output>
          </reporter-output>
        </test-method> <!-- test1 -->
      </class> <!-- org.example.RegisterUser -->
      <class name="org.example.Search">
        <test-method is-config="true" signature="initializeSetup(java.lang.String)[pri:0, instance:org.example.Search@5f9edf14]" started-at="2023-06-24T23:11:32Z" name="initializeSetup" finished-at="2023-06-24T23:11:48Z" duration-ms="15918" status="PASS">
          <params>
            <param index="0">
              <value>
                <![CDATA[6666]]>
              </value>
            </param>
          </params>
          <reporter-output>
          </reporter-output>
        </test-method> <!-- initializeSetup -->
        <test-method signature="test1()[pri:0, instance:org.example.Search@5f9edf14]" started-at="2023-06-24T23:11:48Z" name="test1" finished-at="2023-06-24T23:12:40Z" duration-ms="51777" status="PASS">
          <reporter-output>
          </reporter-output>
        </test-method> <!-- test1 -->
      </class> <!-- org.example.Search -->
      <class name="org.example.AddToCart">
        <test-method is-config="true" signature="initializeSetup(java.lang.String)[pri:0, instance:org.example.AddToCart@2bdd8394]" started-at="2023-06-24T23:11:03Z" name="initializeSetup" finished-at="2023-06-24T23:11:12Z" duration-ms="9098" status="PASS">
          <params>
            <param index="0">
              <value>
                <![CDATA[6666]]>
              </value>
            </param>
          </params>
          <reporter-output>
          </reporter-output>
        </test-method> <!-- initializeSetup -->
        <test-method signature="test1()[pri:0, instance:org.example.AddToCart@2bdd8394]" started-at="2023-06-24T23:11:12Z" name="test1" finished-at="2023-06-24T23:11:32Z" duration-ms="20227" status="PASS">
          <reporter-output>
          </reporter-output>
        </test-method> <!-- test1 -->
      </class> <!-- org.example.AddToCart -->
      <class name="org.example.LoginInvalid">
        <test-method is-config="true" signature="initializeSetup(java.lang.String)[pri:0, instance:org.example.LoginInvalid@7d7758be]" started-at="2023-06-24T23:10:49Z" name="initializeSetup" finished-at="2023-06-24T23:10:56Z" duration-ms="7615" status="PASS">
          <params>
            <param index="0">
              <value>
                <![CDATA[6666]]>
              </value>
            </param>
          </params>
          <reporter-output>
          </reporter-output>
        </test-method> <!-- initializeSetup -->
        <test-method signature="test1()[pri:0, instance:org.example.LoginInvalid@7d7758be]" started-at="2023-06-24T23:10:56Z" name="test1" finished-at="2023-06-24T23:11:03Z" duration-ms="6448" status="PASS">
          <reporter-output>
          </reporter-output>
        </test-method> <!-- test1 -->
      </class> <!-- org.example.LoginInvalid -->
      <class name="org.example.Review">
        <test-method is-config="true" signature="initializeSetup(java.lang.String)[pri:0, instance:org.example.Review@68746f22]" started-at="2023-06-24T23:12:40Z" name="initializeSetup" finished-at="2023-06-24T23:12:48Z" duration-ms="8269" status="PASS">
          <params>
            <param index="0">
              <value>
                <![CDATA[6666]]>
              </value>
            </param>
          </params>
          <reporter-output>
          </reporter-output>
        </test-method> <!-- initializeSetup -->
        <test-method signature="test1()[pri:0, instance:org.example.Review@68746f22]" started-at="2023-06-24T23:12:48Z" name="test1" finished-at="2023-06-24T23:12:57Z" duration-ms="8642" status="PASS">
          <reporter-output>
          </reporter-output>
        </test-method> <!-- test1 -->
      </class> <!-- org.example.Review -->
    </test> <!-- Microsoft Edge Test -->
  </suite> <!-- Suite -->
</testng-results>
